Grammar

    0 $accept: Lines $end

    1 Lines: Lines S '\n'
    2      | S '\n'
    3      | error '\n'

    4 S: '(' S ')'
    5  | '[' S ']'
    6  | /* empty */


Terminals, with rules where they appear

$end (0) 0
'\n' (10) 1 2 3
'(' (40) 4
')' (41) 4
'[' (91) 5
']' (93) 5
error (256) 3


Nonterminals, with rules where they appear

$accept (8)
    on left: 0
Lines (9)
    on left: 1 2 3, on right: 0 1
S (10)
    on left: 4 5 6, on right: 1 2 4 5


state 0

    0 $accept: . Lines $end

    error  shift, and go to state 1
    '('    shift, and go to state 2
    '['    shift, and go to state 3

    '\n'  reduce using rule 6 (S)

    Lines  go to state 4
    S      go to state 5


state 1

    3 Lines: error . '\n'

    '\n'  shift, and go to state 6


state 2

    4 S: '(' . S ')'

    '('  shift, and go to state 2
    '['  shift, and go to state 3

    $default  reduce using rule 6 (S)

    S  go to state 7


state 3

    5 S: '[' . S ']'

    '('  shift, and go to state 2
    '['  shift, and go to state 3

    $default  reduce using rule 6 (S)

    S  go to state 8


state 4

    0 $accept: Lines . $end
    1 Lines: Lines . S '\n'

    $end  shift, and go to state 9
    '('   shift, and go to state 2
    '['   shift, and go to state 3

    $default  reduce using rule 6 (S)

    S  go to state 10


state 5

    2 Lines: S . '\n'

    '\n'  shift, and go to state 11


state 6

    3 Lines: error '\n' .

    $default  reduce using rule 3 (Lines)


state 7

    4 S: '(' S . ')'

    ')'  shift, and go to state 12


state 8

    5 S: '[' S . ']'

    ']'  shift, and go to state 13


state 9

    0 $accept: Lines $end .

    $default  accept


state 10

    1 Lines: Lines S . '\n'

    '\n'  shift, and go to state 14


state 11

    2 Lines: S '\n' .

    $default  reduce using rule 2 (Lines)


state 12

    4 S: '(' S ')' .

    $default  reduce using rule 4 (S)


state 13

    5 S: '[' S ']' .

    $default  reduce using rule 5 (S)


state 14

    1 Lines: Lines S '\n' .

    $default  reduce using rule 1 (Lines)
